<?xml version="1.0" encoding="UTF-8"?>
<!-- Generated by org.testng.reporters.JUnitReportReporter -->
<testsuite hostname="TOMS-PC" name="OxfamMobile.WebTest.TestStep1" tests="6" failures="0" timestamp="11 Jul 2014 12:57:46 GMT" time="301.292" errors="0">
  <testcase name="testAccountRegisterPageURL" time="43.925" classname="OxfamMobile.WebTest.TestStep1"/>
  <testcase name="testAccountRegisterPageURL" time="46.407" classname="OxfamMobile.WebTest.TestStep1"/>
  <testcase name="testHomePageURL" time="57.773" classname="OxfamMobile.WebTest.TestStep1"/>
  <testcase name="testLoginPageURL" time="60.878" classname="OxfamMobile.WebTest.TestStep1"/>
  <testcase name="testLoginPageURL" time="45.419" classname="OxfamMobile.WebTest.TestStep1"/>
  <testcase name="testHomePageURL" time="46.890" classname="OxfamMobile.WebTest.TestStep1"/>
</testsuite> <!-- OxfamMobile.WebTest.TestStep1 -->
